********************************************************************************
*                    Thursday, October 20, 2016 12:59:17 PM                    *
********************************************************************************
CSharpCompilerWrapper.exe version: 1.8.1.0
Platform: Windows
Target assembly: Assembly-CSharp.dll
Project directory: C:\Dev\Quetzalcoatl
Unity 'Data' or 'Frameworks' directory: C:/Program Files/Unity 5.4.1p4/Editor/Data
Compiler: Microsoft C# 6.0

- Compilation -----------------------------------------------

Process: C:\Dev\Quetzalcoatl\CSharp60Support\Roslyn\csc.exe
Arguments: -nostdlib+ -noconfig -nologo -r:"C:/Program Files/Unity 5.4.1p4/Editor/Data\Mono/lib/mono/2.0/mscorlib.dll" -r:"C:/Program Files/Unity 5.4.1p4/Editor/Data\Mono/lib/mono/2.0/System.dll" -r:"C:/Program Files/Unity 5.4.1p4/Editor/Data\Mono/lib/mono/2.0/System.Core.dll" -r:"C:/Program Files/Unity 5.4.1p4/Editor/Data\Mono/lib/mono/2.0/System.Xml.dll" @Temp/UnityTempFile-07220c57dbbf1044cbabb54e655aac4c
Exit code: 0
Elapsed time: 2.15 sec

- Compiler output (0 lines):

- Compiler errors (2 lines):
0: Assets\Scripts\Cards\CardMovement.cs(11,19): warning CS0649: Field 'CardMovement.horizontalHover' is never assigned to, and will always have its default value 0
1: Assets\Scripts\Cards\CardMovement.cs(9,19): warning CS0649: Field 'CardMovement.verticalHover' is never assigned to, and will always have its default value 0

- PDB to MDB conversion --------------------------------------

Process: C:\Dev\Quetzalcoatl\CSharp60Support\Roslyn\pdb2mdb.exe
Arguments: Temp\Assembly-CSharp.dll
Exit code: 0
Elapsed time: 0.10 sec

- pdb2mdb.exe output (0 lines):
********************************************************************************
*                    Thursday, October 20, 2016 12:59:21 PM                    *
********************************************************************************
CSharpCompilerWrapper.exe version: 1.8.1.0
Platform: Windows
Target assembly: Assembly-CSharp-Editor.dll
Project directory: C:\Dev\Quetzalcoatl
Unity 'Data' or 'Frameworks' directory: C:/Program Files/Unity 5.4.1p4/Editor/Data
Compiler: Microsoft C# 6.0

- Compilation -----------------------------------------------

Process: C:\Dev\Quetzalcoatl\CSharp60Support\Roslyn\csc.exe
Arguments: -nostdlib+ -noconfig -nologo -r:"C:/Program Files/Unity 5.4.1p4/Editor/Data\Mono/lib/mono/2.0/mscorlib.dll" -r:"C:/Program Files/Unity 5.4.1p4/Editor/Data\Mono/lib/mono/2.0/System.dll" -r:"C:/Program Files/Unity 5.4.1p4/Editor/Data\Mono/lib/mono/2.0/System.Core.dll" -r:"C:/Program Files/Unity 5.4.1p4/Editor/Data\Mono/lib/mono/2.0/System.Xml.dll" @Temp/UnityTempFile-c2c2f67df1372cc4ea97e6d7cf3f3269
Exit code: 0
Elapsed time: 2.31 sec

- Compiler output (0 lines):

- Compiler errors (0 lines):

- PDB to MDB conversion --------------------------------------

Process: C:\Dev\Quetzalcoatl\CSharp60Support\Roslyn\pdb2mdb.exe
Arguments: Temp\Assembly-CSharp-Editor.dll
Exit code: 0
Elapsed time: 0.11 sec

- pdb2mdb.exe output (0 lines):
********************************************************************************
*                    Thursday, October 20, 2016 12:59:25 PM                    *
********************************************************************************
CSharpCompilerWrapper.exe version: 1.8.1.0
Platform: Windows
Target assembly: Assembly-CSharp.dll
Project directory: C:\Dev\Quetzalcoatl
Unity 'Data' or 'Frameworks' directory: C:/Program Files/Unity 5.4.1p4/Editor/Data
Compiler: Microsoft C# 6.0

- Compilation -----------------------------------------------

Process: C:\Dev\Quetzalcoatl\CSharp60Support\Roslyn\csc.exe
Arguments: -nostdlib+ -noconfig -nologo -r:"C:/Program Files/Unity 5.4.1p4/Editor/Data\Mono/lib/mono/2.0/mscorlib.dll" -r:"C:/Program Files/Unity 5.4.1p4/Editor/Data\Mono/lib/mono/2.0/System.dll" -r:"C:/Program Files/Unity 5.4.1p4/Editor/Data\Mono/lib/mono/2.0/System.Core.dll" -r:"C:/Program Files/Unity 5.4.1p4/Editor/Data\Mono/lib/mono/2.0/System.Xml.dll" @Temp/UnityTempFile-d1ace18386285de46b9b1e3ab41d7ba1
Exit code: 0
Elapsed time: 2.19 sec

- Compiler output (0 lines):

- Compiler errors (2 lines):
0: Assets\Scripts\Cards\CardMovement.cs(11,19): warning CS0649: Field 'CardMovement.horizontalHover' is never assigned to, and will always have its default value 0
1: Assets\Scripts\Cards\CardMovement.cs(9,19): warning CS0649: Field 'CardMovement.verticalHover' is never assigned to, and will always have its default value 0

- PDB to MDB conversion --------------------------------------

Process: C:\Dev\Quetzalcoatl\CSharp60Support\Roslyn\pdb2mdb.exe
Arguments: Temp\Assembly-CSharp.dll
Exit code: 0
Elapsed time: 0.10 sec

- pdb2mdb.exe output (0 lines):
********************************************************************************
*                    Thursday, October 20, 2016 12:59:28 PM                    *
********************************************************************************
CSharpCompilerWrapper.exe version: 1.8.1.0
Platform: Windows
Target assembly: Assembly-CSharp-Editor.dll
Project directory: C:\Dev\Quetzalcoatl
Unity 'Data' or 'Frameworks' directory: C:/Program Files/Unity 5.4.1p4/Editor/Data
Compiler: Microsoft C# 6.0

- Compilation -----------------------------------------------

Process: C:\Dev\Quetzalcoatl\CSharp60Support\Roslyn\csc.exe
Arguments: -nostdlib+ -noconfig -nologo -r:"C:/Program Files/Unity 5.4.1p4/Editor/Data\Mono/lib/mono/2.0/mscorlib.dll" -r:"C:/Program Files/Unity 5.4.1p4/Editor/Data\Mono/lib/mono/2.0/System.dll" -r:"C:/Program Files/Unity 5.4.1p4/Editor/Data\Mono/lib/mono/2.0/System.Core.dll" -r:"C:/Program Files/Unity 5.4.1p4/Editor/Data\Mono/lib/mono/2.0/System.Xml.dll" @Temp/UnityTempFile-e884e1e2852b406428aa8474117c4577
Exit code: 0
Elapsed time: 2.36 sec

- Compiler output (0 lines):

- Compiler errors (0 lines):

- PDB to MDB conversion --------------------------------------

Process: C:\Dev\Quetzalcoatl\CSharp60Support\Roslyn\pdb2mdb.exe
Arguments: Temp\Assembly-CSharp-Editor.dll
Exit code: 0
Elapsed time: 0.11 sec

- pdb2mdb.exe output (0 lines):
